.\build\TOUR\gprs\MT6260r\codegen_dep\cgen_parse.det 
.\tst\database_classb\CompTrcDefs.lst 
make\~inc_def.tmp 
.\build\TOUR\gprs\MT6260r\codegen_dep\cgen_preflow.det 
.\build\TOUR\gprs\MT6260r\codegen_dep\custom_pri.det 
.\tst\database_classb\msglog_db\custom_pri.db 
.\tst\database_classb\enumFileCustomAppSrc 
.\build\TOUR\gprs\MT6260r\codegen_dep\cgen_cm.det 
.\tst\database_classb\pstrace_db\codegen_single.ptr 
.\tst\database_classb\pstrace_db\codegen_single.h 
.\build\TOUR\gprs\MT6260r\codegen_dep\codegen_single.det 
.\build\TOUR\gprs\MT6260r\codegen_dep\cgen_ps.det 
.\tst\database_classb\pstrace_db\ps_trace.h 
.\build\TOUR\gprs\MT6260r\codegen_dep\log2SD_Catcher_filters.det 
.\tst\database\log2SD_Catcher_filters.ini 
.\custom\tst\tst_file_default_Catcher_filter.c 
.\tst\database_classb\catcher_filter.bin 
.\build\TOUR\gprs\MT6260r\codegen_dep\cgen_filter_gen.det 
.\build\TOUR\gprs\MT6260r\codegen_dep\cgen_cfg.det 
.\build\TOUR\gprs\MT6260r\codegen_dep\codegen.det 
.\tst\database_classb\cgen.cfg 
.\tst\database_classb\BPLGUInfoCustomAppSrcP_MT6260_S00_TOUR_CARD_K7_POSITION_LOCAL_TRIGGER_V1_1 
