--------------------------------------------------------------------------
   0       108                                            NVRAM_EF_SYS_LID                    
   0       108                                            NVRAM_EF_SYS_LID                    
   9         6                                  NVRAM_EF_CAT_TIMESTAMP_LID                    
  15       262                                 NVRAM_EF_L1_AGCPATHLOSS_LID                    
  16       666                            NVRAM_EF_L1_RAMPTABLE_GSM850_LID                    
  17       666                            NVRAM_EF_L1_RAMPTABLE_GSM900_LID                    
  18       666                           NVRAM_EF_L1_RAMPTABLE_DCS1800_LID                    
  19       666                           NVRAM_EF_L1_RAMPTABLE_PCS1900_LID                    
  28        10                                     NVRAM_EF_L1_AFCDATA_LID                    
  29        46                                        NVRAM_EF_L1_TXIQ_LID                    
  30       210                               NVRAM_EF_L1_RFSPECIALCOEF_LID                    
  31        18                       NVRAM_EF_L1_INTERSLOT_RAMP_GSM850_LID                    
  32        18                       NVRAM_EF_L1_INTERSLOT_RAMP_GSM900_LID                    
  33        18                      NVRAM_EF_L1_INTERSLOT_RAMP_DCS1800_LID                    
  34        18                      NVRAM_EF_L1_INTERSLOT_RAMP_PCS1900_LID                    
  35        34                             NVRAM_EF_L1_CRYSTAL_AFCDATA_LID                    
  36         6                             NVRAM_EF_L1_CRYSTAL_CAPDATA_LID                    
  37        22                NVRAM_EF_L1_GMSK_TX_POWER_ROLLBACK_TABLE_LID                    
  38        22                NVRAM_EF_L1_EPSK_TX_POWER_ROLLBACK_TABLE_LID                    
  43         6                           NVRAM_EF_L1_CLOAD_FREQ_OFFSET_LID                    
  98        66                                    NVRAM_EF_BARCODE_NUM_LID                    
  99       314                                       NVRAM_EF_CAL_FLAG_LID                    
 100      1354                                 NVRAM_EF_CAL_DATA_CHECK_LID                    
 160        12                                    NVRAM_EF_IMEI_IMEISV_LID                    
 161       190                                            NVRAM_EF_SML_LID                    
 161       190                                            NVRAM_EF_SML_LID                    
   6      2570                                  NVRAM_EF_SYS_EXCEPTION_LID                    
   7       326                                 NVRAM_EF_SYS_STATISTICS_LID                    
 121         8                                      NVRAM_EF_BAND_INFO_LID                    
 122      1379                                     NVRAM_EF_TST_FILTER_LID                    
 123        42                                   NVRAM_EF_PORT_SETTING_LID                    
 154        72                             NVRAM_EF_SMSAL_MAILBOX_ADDR_LID            CUSTPACK
 155        18                             NVRAM_EF_SMSAL_COMMON_PARAM_LID            CUSTPACK
 156        84                                     NVRAM_EF_SMSAL_SMSP_LID                    
 157        16                                     NVRAM_EF_SMSAL_MWIS_LID                    
 158        22                                  NVRAM_EF_CB_DEFAULT_CH_LID            CUSTPACK
 159       116                                     NVRAM_EF_CB_CH_INFO_LID                    
 145        18                                 NVRAM_EF_TCM_STATISTICS_LID                    
 146       270                                NVRAM_EF_TCM_PDP_PROFILE_LID                    
 147         4                                       NVRAM_EF_CFU_FLAG_LID                    
 148        54                             NVRAM_EF_MM_EQPLMN_LOCIGPRS_LID                    
 150         4                                    NVRAM_EF_ALS_LINE_ID_LID            CUSTPACK
 151        10                                          NVRAM_EF_MSCAP_LID            CUSTPACK
 125        18                                NVRAM_EF_CLASSMARK_RACAP_LID                    
 126       180                                     NVRAM_EF_SIM_ASSERT_LID                    
 127        18                                       NVRAM_EF_RTC_DATA_LID                    
 128      2002                                        NVRAM_EF_NET_PAR_LID                    
 169         3                                       NVRAM_EF_CSM_ESSP_LID                    
 138       442                              NVRAM_EF_CUST_HW_LEVEL_TBL_LID                    
 139       242                           NVRAM_EF_UEM_MANUFACTURE_DATA_LID                    
 140       218                                   NVRAM_EF_UEM_RMI_DATA_LID                    
 163        40                                    NVRAM_EF_MS_SECURITY_LID            CUSTPACK
 171       200                                NVRAM_EF_SYS_CACHE_OCTET_LID                    
 175         9                                 NVRAM_EF_RAC_PREFERENCE_LID            CUSTPACK
 166         6                        NVRAM_EF_PS_CONFORMANCE_TESTMODE_LID                    
 178         3                                     NVRAM_EF_TST_CONFIG_LID                    
2560        98                                            NVRAM_EF_ADC_LID                    
1280       322                                    NVRAM_EF_CAMERA_PARA_LID                    
1322         6                          NVRAM_EF_CAMERA_MAIN_SENSOR_ID_LID                    
2816        28                                NVRAM_EF_TOUCHPANEL_PARA_LID                    
 185      2200                                            NVRAM_EF_PHB_LID                    
 181        84                                       NVRAM_EF_AUTOTEST_LID                    
 182       506                                     NVRAM_EF_CACHE_BYTE_LID            CUSTPACK
 183       506                                    NVRAM_EF_CACHE_SHORT_LID            CUSTPACK
 184       506                                   NVRAM_EF_CACHE_DOUBLE_LID            CUSTPACK
 368      2024                             NVRAM_EF_MMI_CACHE_BYTE_KEY_LID                    
 369      1012                            NVRAM_EF_MMI_CACHE_SHORT_KEY_LID                    
 370       506                           NVRAM_EF_MMI_CACHE_DOUBLE_KEY_LID                    
 186        90                                        NVRAM_EF_PHB_SOS_LID                    
 187      1104                                  NVRAM_EF_PHB_SPEEDDIAL_LID                    
 189     12500                                     NVRAM_EF_PHB_FIELDS_LID                    
 190       402                                NVRAM_EF_PHB_FIELDS_MASK_LID                    
 191      1002                                 NVRAM_EF_PHB_GROUP_INFO_LID                    
 192       544                                  NVRAM_EF_PHB_MY_NUMBER_LID                    
 194       152                                NVRAM_EF_PHB_GROUP_FIELD_LID                    
 196      2500                                       NVRAM_EF_PHB_INFO_LID                    
 200      2666                                            NVRAM_EF_SMS_LID                    
 204        86                                 NVRAM_EF_CAMERA_SETTING_LID                    
 206        68                                      NVRAM_EF_IP_NUMBER_LID                    
 207       612                                      NVRAM_EF_ALM_QUEUE_LID                    
 208        18                                  NVRAM_EF_ALM_SPOF_DATA_LID                    
 209        70                                 NVRAM_EF_ALM_ALARM_DATA_LID                    
 210     19400                                      NVRAM_EF_TODO_LIST_LID                    
 211       396                                      NVRAM_EF_GROUPLIST_LID                    
 213       550                             NVRAM_EF_WALLPAPER_FILENAME_LID                    
 214       516                                      NVRAM_EF_SHORTCUTS_LID                    
 222      1536                        NVRAM_EF_FMGR_FILEPATH_POOL_HEAD_LID                    
 223        36                        NVRAM_EF_FMGR_FILEPATH_POOL_TAIL_LID                    
 228      1682                                     NVRAM_EF_BLACK_LIST_LID                    
 247        14                                   NVRAM_EF_WLAN_SETTING_LID                    
 248      7940                                   NVRAM_EF_WLAN_PROFILE_LID                    
 249       210                              NVRAM_EF_EM_NW_EVENT_RINGS_LID                    
 250        58                                   NVRAM_EF_NITZ_NW_NAME_LID                    
 261       274                          NVRAM_EF_UMMS_COMPOSE_SETTINGS_LID                    
 262        22                          NVRAM_EF_UMMS_SENDING_SETTINGS_LID                    
 299         4                               NVRAM_EF_PUSH_GEN_SETTING_LID                    
 321       342                             NVRAM_EF_SEARCH_WEB_HISTORY_LID                    
 327       250                             NVRAM_EF_CNMGR_CONNECT_DATA_LID                    
 332     10650                                      NVRAM_EF_TDL_EVENT_LID                    
 333      8550                                       NVRAM_EF_TDL_TASK_LID                    
 335      9100                                    NVRAM_EF_SRV_SMS_PDU_LID                    
 339      1058                           NVRAM_EF_MRE_APP_BAN_LIST_EXT_LID                    
 341      1610                         NVRAM_EF_MRE_SYM_ENTRY_LIST_EXT_LID                    
 340      3668                              NVRAM_EF_MRE_PKEY_LIST_EXT_LID                    
 342       138                          NVRAM_EF_MRE_SYM_CONF_LIST_EXT_LID                    
 343        19                              NVRAM_EF_MRE_FIRST_RUNNING_LID                    
 338       670                            NVRAM_EF_AM_HS_SHORTCUT_LIST_LID                    
 348        89                          NVRAM_EF_SRV_SMS_SIM_CUST_DATA_LID                    
 353      2940                                   NVRAM_EF_SRV_CBS_PAGE_LID                    
 354        70                               NVRAM_EF_SRV_CBS_MSG_NODE_LID                    
 355      1040                              NVRAM_EF_SRV_CBS_CHNL_NAME_LID                    
 356        30                                   NVRAM_EF_DTCNT_SIM_ID_LID                    
 212       396                                 NVRAM_EF_GROUPLIST_SIM2_LID                    
 358      1100                     NVRAM_EF_POWER_ON_OFF_DISP_FILENAME_LID                    
 215        44                               NVRAM_EF_MMI_PROF_SETTING_LID                    
 360       920                          NVRAM_EF_SRV_SMS_STATUS_REPORT_LID                    
 362      3900                                       NVRAM_EF_CLOG_LOG_LID                    
 363       312                                 NVRAM_EF_CLOG_CALL_TIME_LID                    
 371       978                                 NVRAM_EF_SRV_REMINDER_Q_LID                    
 386      1834                              NVRAM_EF_MRE_PKEY_LIST_MTK_LID                    
 388        84                                      NVRAM_EF_QUICKTEST_LID                    
 390       448                                NVRAM_EF_SRV_NSS_PROFILE_LID                    
 391       194                                    NVRAM_EF_MRE_PKEY_EX_LID                    
 392      1194                                    NVRAM_EF_KJX_APPICON_LID                    
 393        10                                  NVRAM_EF_KJX_WORK_TIME_LID                    
 394        17                                  NVRAM_EF_KJX_LOG_PARAM_LID                    
1536       185                             NVRAM_EF_CUST_ACOUSTIC_DATA_LID                    
1537      1854                                    NVRAM_EF_AUDIO_PARAM_LID                    
1538      1762                              NVRAM_EF_AUDIO_BESLOUDNESS_LID                    
1545         4                           NVRAM_EF_AUDIO_DC_CALIBRATION_LID                    
2048       370                               NVRAM_EF_SRV_PROF_SETTING_LID                    
2049     10440                            NVRAM_EF_SRV_PROF_EXT_MELODY_LID                    
--------------------------------------------------------------------------
NVRAM_COMPRESS=0
