找不到文件 - SS_READ.*
找不到文件 - SS_UREAD.*
找不到文件 - mms_delivery.*
找不到文件 - mms_delivery_read.*
找不到文件 - mmsdraft.*
找不到文件 - BCC.*
找不到文件 - CC.*
找不到文件 - Content.*
找不到文件 - from.*
找不到文件 - Layout.*
找不到文件 - SB.*
找不到文件 - size.*
找不到文件 - To.*
找不到文件 - mms_lock.*
找不到文件 - mms_lock_h.*
找不到文件 - mms_lock_L.*
找不到文件 - mms_lock_read.*
找不到文件 - mms_lock_read_h.*
找不到文件 - mms_lock_read_L.*
找不到文件 - mms_message.*
找不到文件 - mms_message_h.*
找不到文件 - mms_message_l.*
找不到文件 - mms_messageread.*
找不到文件 - mms_messageread_h.*
找不到文件 - mms_messageread_l.*
找不到文件 - notification.*
找不到文件 - notification_h.*
找不到文件 - notification_l.*
找不到文件 - mms_read.*
找不到文件 - mms_read_read.*
找不到文件 - delivery_fail.*
找不到文件 - delivery_success.*
找不到文件 - read_fail.*
找不到文件 - read_success.*
找不到文件 - attachfile.*
找不到文件 - audio.*
找不到文件 - audio_mixed.*
找不到文件 - mmstemplate.*
找不到文件 - Attachfile.*
找不到文件 - MMSC.*
找不到文件 - MMSR.*
找不到文件 - SS_SENT.*
找不到文件 - SS_UNSENT.*
找不到文件 - OA_STATU.*
找不到文件 - PV_INPH.*
找不到文件 - PV_INSIM.*
找不到文件 - SB_Search.*
找不到文件 - CSD.*
找不到文件 - CSD_C.*
找不到文件 - CSD_N.*
找不到文件 - GPRS.*
找不到文件 - GPRS_C.*
找不到文件 - GPRS_N.*
找不到文件 - KEY.*
找不到文件 - SW_EREAD.*
找不到文件 - SW_EUNREAD.*
找不到文件 - SW_READ.*
找不到文件 - SW_UNREAD.*
找不到文件 - arrow_up.*
找不到文件 - arrow_down.*
找不到文件 - arrow_left.*
找不到文件 - arrow_right.*
