mmi_rp_srv_editor.c	.\framework\commonscreens\commonscreensres\000_editor.res
mmi_rp_app_filemanager.c	.\mtkapp\filemgr\filemgrres\000_filemgr.res
mmi_rp_app_alarm.c	.\mmi\organizer\organizerres\alarmres\alarm.res
mmi_rp_srv_alarm.c	.\service\alarmsrv\res\alarmsrv.res
mmi_rp_cui_alert.c	.\framework\commonscreens\commonscreensres\alert.res
mmi_rp_app_am.c	.\mtkapp\mreapp\mreappres\am.res
mmi_rp_app_am.c	.\mtkapp\mreapp\mreappres\am_int.res
mmi_rp_app_apn_control.c	.\mmi\setting\settingres\apncontrol.res
mmi_rp_srv_appmgr.c	.\service\appmgrsrv\appmgrsrvres\appmgrsrv.res
mmi_rp_app_setting_new.c	.\mmi\setting\settingres\appsetting.res
mmi_rp_app_appmgr_test_1.c	.\service\nativeappfactorysrv\nativeappfactorysrvres\app_appmgr_test_1.res
mmi_rp_app_appmgr_test_2.c	app_appmgr_test_2.res
mmi_rp_app_appmgr_test_3.c	app_appmgr_test_3.res
mmi_rp_app_appmgr_test_4.c	app_appmgr_test_4.res
mmi_rp_app_gb_winguo.c	..\vendor\search_engine\guobi\winguo\res\app_gb_winguo.res
mmi_rp_app_gb_winguo_net.c	..\vendor\search_engine\guobi\winguo\res\app_gb_winguo_net.res
mmi_rp_app_package_concurrent.c	.\mmi\inc\app_package_concurrent.res
mmi_rp_app_audioplayer.c	.\mtkapp\audioplayer\audioplayerres\audioplayer.res
mmi_rp_app_bluetooth.c	.\mtkapp\connectivity\connectivityres\bluetooth\bluetooth.res
mmi_rp_app_bootup.c	.\mmi\bootup\bootupres\bootup.res
mmi_rp_srv_bootup.c	.\service\bootupsrv\bootupsrvres\bootupsrv.res
mmi_rp_srv_btcm.c	.\service\btcmsrv\res\btcmsrv.res
mmi_rp_app_calculator.c	.\mmi\extra\extrares\calculator.res
mmi_rp_app_calendar.c	.\mmi\organizer\organizerres\calendar.res
mmi_rp_app_calibration.c	.\mmi\setting\settingres\pencalibration\calibration.res
mmi_rp_app_cb_mgr.c	.\framework\callbackmanager\callbackmanagerres\callback_mgr.res
mmi_rp_app_calllog.c	.\mmi\calllog\calllogres\calllog.res
mmi_rp_srv_calllog.c	.\service\calllogsrv\calllogsrvres\calllogsrv.res
mmi_rp_app_callset.c	.\mmi\callsetting\callsettingres\callset.res
mmi_rp_srv_callset.c	.\service\callsetsrv\callsetsrv.res
mmi_rp_app_camco.c	.\mtkapp\camcorder\camcorderres\camcorder.res
mmi_rp_app_camco.c	.\mtkapp\camcorder\camcorderres\camcorder.res
mmi_rp_app_camera.c	.\mtkapp\camera\camerares\camerares.res
mmi_rp_app_cbm.c	.\mmi\cbm\cbmres\cbm.res
mmi_rp_srv_cbm.c	.\service\cbmsrv\res\cbmsrv.res
mmi_rp_app_cbs.c	.\mmi\messages\messagesres\cbsapp.res
mmi_rp_srv_cbs.c	.\service\smssrv\cbssrv.res
mmi_rp_app_cca.c	.\mtkapp\centralconfigagent\centralconfigagentres\cca.res
mmi_rp_app_mmi_certman.c	.\mmi\certificatemanager\certificatemanagerres\certificatemanager.res
mmi_rp_app_charger.c	.\mmi\miscframework\miscframeworkres\chargerapp.res
mmi_rp_srv_charbat.c	.\service\charbatsrv\chargersrv.res
mmi_rp_srv_mmi_charset.c	..\custom\common\charsetres\charset.res
mmi_rp_srv_cnmgr.c	.\service\cnmgrsrv\cnmgrsrvres\cnmgrsrv.res
mmi_rp_app_connectivity_mainmenu.c	.\mtkapp\connectivity\connectivityres\connectivitymainmenu.res
mmi_rp_srv_cphs.c	.\service\cphssrv\cphssrv.res
mmi_rp_app_customer_service.c	.\mmi\customerservice\customerserviceres\customerservice.res
mmi_rp_app_dataaccount.c	.\mmi\dataaccount\dataaccountres\dataaccount.res
mmi_rp_srv_datalock.c	.\service\datalocksrv\res\datalocksrv.res
mmi_rp_srv_datetime.c	.\mmi\datetime\res\datetime.res
mmi_rp_app_devapp.c	.\vendorapp\devapp\devappres\devapp.res
mmi_rp_app_dialer.c	.\mmi\dialer\dialerres\dialer.res
mmi_rp_cui_dialer.c	.\cui\dialercui\res\dialercui.res
mmi_rp_app_mre.c	..\mre\res\dls.res
mmi_rp_app_downloadagent.c	.\mtkapp\dlagent\dlagentres\downloadagentapp.res
mmi_rp_srv_downloadagent.c	.\service\dlagentsrv\res\downloadagentsrv.res
mmi_rp_app_setting_download_cal_data.c	.\mmi\setting\settingres\downloadcaldata.res
mmi_rp_srv_dtcnt.c	.\service\dtcntsrv\dtcntsrvres\dtcntsrv.res
mmi_rp_srv_editor.c	.\framework\commonscreens\commonscreensres\editor.res
mmi_rp_app_engineermode1.c	.\mtkapp\engineermode\engineermodeapp\engineermodeappres\engineermode.res
mmi_rp_srv_eons.c	.\service\eonssrv\res\eonssrv.res
mmi_rp_app_extra.c	.\mmi\extra\extrares\extra.res
mmi_rp_app_factorymode.c	.\mtkapp\factorymode\factorymoderes\factorymode.res
mmi_rp_app_funandgames.c	.\mmi\funandgames\funandgamesres\fanandgame.res
mmi_rp_srv_filemanager.c	.\service\filemgrsrv\filemgrsrvres\filemgrsrv.res
mmi_rp_srv_flight_mode.c	.\mmi\setting\settingres\flightmode.res
mmi_rp_app_font_effects.c	.\mmi\miscframework\miscframeworkres\fonteffects.res
mmi_rp_app_font_manager.c	.\mmi\miscframework\miscframeworkres\fontmanager.res
mmi_rp_framework_asm.c	.\framework\memmanager\memmanagerres\framework_asm.res
mmi_rp_srv_gcall.c	.\service\gsm3gcallsrv\gcallsrv.res
mmi_rp_srv_gdi.c	..\plutommi\framework\gdi\gdires\gdi_mem.res
mmi_rp_srv_gdi.c	..\plutommi\framework\gdi\gdires\gdi_timer.res
mmi_rp_srv_general_setting.c	.\service\settingsrv\res\generalsettingsrv.res
mmi_rp_srv_gpio.c	.\service\gpiosrv\gpiosrv.res
mmi_rp_srv_gps.c	.\mtkapp\gps\gpsres\gpsres.res
mmi_rp_app_uiframework.c	..\plutommi\framework\gui\gui_res\gui.res
mmi_rp_app_idle.c	.\mmi\idle\idleres\idle.res
mmi_rp_app_idle_homescreen.c	.\mmi\idlescreen\idlescreenres\idlehomescreen.res
mmi_rp_app_idle_nmgr.c	.\mmi\idlescreen\idlescreenres\idlenotificationmanager.res
mmi_rp_app_imageflow.c	..\venusmmi\app\pluto_variation\imageflow\res\imageflow.res
mmi_rp_app_imageviewer.c	.\mtkapp\imageview\imageviewres\imgview.res
mmi_rp_cui_imageviewer.c	.\cui\imageviewcui\res\imgviewcui.res
mmi_rp_srv_inline_editor.c	.\cui\inlinecui\inlinecui_res\inlinecui.res
mmi_rp_srv_input_method.c	..\plutommi\framework\inputmethod\res\input_method.res
mmi_rp_app_kjx.c	..\kjx\res\kjx.res
mmi_rp_app_lunar_query.c	.\mmi\organizer\organizerres\lunarquery.res
mmi_rp_app_mainmenu.c	.\mmi\mainmenu\mainmenures\mainmenures.res
mmi_rp_srv_mdi.c	.\service\mdi\mdires\mdi.res
mmi_rp_srv_mdi_audply.c	.\service\mdi\mdires\mdi_mem.res
mmi_rp_srv_mdi_aud_info.c	.\service\mdi\mdires\mdi_mem.res
mmi_rp_srv_mdi_vdoply.c	.\service\mdi\mdires\mdi_mem.res
mmi_rp_srv_mdi_vdoply_v.c	.\service\mdi\mdires\mdi_mem.res
mmi_rp_srv_mdi_vdoply_a.c	.\service\mdi\mdires\mdi_mem.res
mmi_rp_srv_mdi_vdoply_qvga.c	.\service\mdi\mdires\mdi_mem.res
mmi_rp_srv_mdi_vdoply_cif.c	.\service\mdi\mdires\mdi_mem.res
mmi_rp_srv_mdi_vdoply_preview.c	.\service\mdi\mdires\mdi_mem.res
mmi_rp_srv_mdi_vdoply_info.c	.\service\mdi\mdires\mdi_mem.res
mmi_rp_srv_mdi_vdoply_mp4.c	.\service\mdi\mdires\mdi_mem.res
mmi_rp_srv_mdi_vdoply_subtitle.c	.\service\mdi\mdires\mdi_mem.res
mmi_rp_srv_mdi_vdoply_qvga_mpeg4sp.c	.\service\mdi\mdires\mdi_mem.res
mmi_rp_srv_mdi_camera_standard.c	.\service\mdi\mdires\mdi_mem.res
mmi_rp_srv_mdi_camera_full.c	.\service\mdi\mdires\mdi_mem.res
mmi_rp_srv_mdi_camera_only_cap_lcd.c	.\service\mdi\mdires\mdi_mem.res
mmi_rp_srv_mdi_camera_only_cap_lcd_disable_jaia.c	.\service\mdi\mdires\mdi_mem.res
mmi_rp_srv_mdi_camera_cap_vga_below.c	.\service\mdi\mdires\mdi_mem.res
mmi_rp_srv_mdi_camera_autorama.c	.\service\mdi\mdires\mdi_mem.res
mmi_rp_srv_mdi_camera_cap_hdr.c	.\service\mdi\mdires\mdi_mem.res
mmi_rp_srv_mdi_camera_cap_mav.c	.\service\mdi\mdires\mdi_mem.res
mmi_rp_app_mediawall.c	..\venusmmi\app\pluto_variation\mediawall\res\mediawall.res
mmi_rp_app_setting_menu_effect.c	.\mmi\setting\settingres\menueffect.res
mmi_rp_srv_mmi_theme.c	.\mmi\setting\settingres\mmithemes.res
mmi_rp_app_umms_mms.c	.\mmi\unifiedmms\mmsapp\mmsappres\mmsapp.res
mmi_rp_srv_mms.c	.\service\ummssrv\mmssrvres\mmssrv.res
mmi_rp_app_mobile_service.c	.\mmi\mobileservice\mobileserviceres\mobileservice.res
mmi_rp_app_mode_switch.c	.\mmi\setting\settingres\modeswitch.res
mmi_rp_srv_modeswitch.c	.\service\modeswitchsrv\res\modeswitchsrv.res
mmi_rp_app_mot.c	.\mtkapp\mot\motres\motapp.res
mmi_rp_motion_sensor.c	.\mmi\setting\settingres\motionsensor.res
mmi_rp_srv_mot.c	.\service\motsrv\motsrv.res
mmi_rp_app_mre.c	..\mre\res\mre.res
mmi_rp_app_mre_appmgr.c	.\service\mreappmgrsrv\mreappmgrsrvres\mreappmgrsrv.res
mmi_rp_app_netset.c	.\mmi\setting\settingres\netsetapp.res
mmi_rp_srv_netset.c	.\service\netsetsrv\res\netsetsrv.res
mmi_rp_app_nitz.c	.\mmi\nitzhandler\nitzres\nitz.res
mmi_rp_srv_nitz.c	.\service\nitzsrv\res\nitzsrv.res
mmi_rp_srv_nmgr.c	.\framework\notification\notificationres\nmgr.res
mmi_rp_app_note.c	.\mmi\organizer\organizerres\note.res
mmi_rp_srv_nss.c	.\service\notificationsettingsrv\notificationsettingsrv.res
mmi_rp_app_npr_tts.c	.\mmi\npr\npr_tts\res\npr_tts.res
mmi_rp_app_nss.c	.\mmi\setting\settingres\nssapp.res
mmi_rp_app_ntp.c	.\mmi\setting\settingres\ntpapp.res
mmi_rp_app_nw_info.c	.\mmi\nwinfo\nwinfores\nwinfo.res
mmi_rp_srv_nw_info.c	.\service\nwinfosrv\nwinfosrvres\nwinfosrv.res
mmi_rp_srv_nw_name.c	.\service\nwnamesrv\res\nwnamesrv.res
mmi_rp_app_organizer.c	.\mmi\organizer\organizerres\organizer.res
mmi_rp_cui_password.c	.\cui\passwordcui\res\passwordcui.res
mmi_rp_srv_pen_calibration.c	.\service\settingsrv\res\pencalibrationsrv.res
mmi_rp_srv_phb.c	.\service\phbsrv\phbsrvres\phbsrv.res
mmi_rp_app_gpio.c	.\mmi\gpio\gpiores\phnsetgpio.res
mmi_rp_app_phonebook.c	.\mmi\phonebook\phonebookres\phonebook.res
mmi_rp_app_phonesetting_new.c	.\mmi\setting\settingres\phonesetting.res
mmi_rp_srv_pns.c	.\service\pnsrv\pnsrv.res
mmi_rp_srv_phnset_onoff.c	.\mmi\setting\settingres\poweronoffdisplay.res
mmi_rp_app_profiles.c	.\mmi\profiles\profiles_res\profiles.res
mmi_rp_srv_prof.c	.\service\profilessrv\profilessrvres\profilessrv.res
mmi_rp_app_reminder.c	.\mmi\organizer\reminder\res\reminder.res
mmi_rp_srv_reminder.c	.\service\remindersrv\remindersrvres\remindersrv.res
mmi_rp_app_restore.c	.\mmi\setting\settingres\restore.res
mmi_rp_srv_restore.c	.\service\settingsrv\res\restoresrv.res
mmi_rp_app_rmgr.c	.\mtkapp\rightsmgr\rightsmgrres\rightsmgr.res
mmi_rp_srv_rights_mgr.c	.\service\rightsmgr\res\rightsmgrsrv.res
mmi_rp_srv_safe_mode.c	.\service\safemodesrv\res\safemodesrv.res
mmi_rp_srv_sat.c	.\service\satsrv\sat.res
mmi_rp_app_sat.c	.\mmi\sat\satres\satapp.res
mmi_rp_srv_spof.c	.\mmi\setting\settingres\schedulepoweronoff.res
mmi_rp_app_auto_rotate.c	screenrotation.res
mmi_rp_srv_screensaver.c	.\mmi\setting\settingres\screensaver.res
mmi_rp_app_scr_locker.c	.\mmi\scrlocker\scrlockerres\scrlocker.res
mmi_rp_app_search_web.c	.\mtkapp\searchweb\searchwebres\searchweb.res
mmi_rp_app_security_setting.c	.\mmi\securitysetting\secsetres\secset.res
mmi_rp_cui_verify.c	.\cui\secsetcui\secsetcuires\secsetcui.res
mmi_rp_srv_secset.c	.\service\secsetsrv\secsetsrvres\secsetsrv.res
mmi_rp_srv_sensor.c	.\service\sensorsrv\sensorsrv.res
mmi_rp_app_services_sat.c	.\mmi\sat\satres\service.res
mmi_rp_app_shellapp_base.c	..\venusmmi\app\pluto_variation\shellapp\base\res\shellappbase.res
mmi_rp_app_venus_shell_scrlock.c	..\venusmmi\app\pluto_variation\shellapp\base\res\shellappscrlock.res
mmi_rp_app_venus_shell_iv.c	..\venusmmi\app\pluto_variation\shellapp\panel\imageviewer\res\shellimageviewer.res
mmi_rp_app_shortcuts.c	.\mmi\extra\extrares\shortcuts.res
mmi_rp_app_shutdown.c	.\mmi\shutdown\shutdownres\shutdown.res
mmi_rp_srv_shutdown.c	.\service\shutdownsrv\shutdownsrvres\shutdownsrv.res
mmi_rp_app_sim_ctrl.c	.\mmi\simctrl\simctrlres\simctrl.res
mmi_rp_srv_sim_ctrl.c	.\service\simctrlsrv\simctrlsrvres\simctrlsrv.res
mmi_rp_cui_sim_sel.c	.\cui\simselcui\res\simselcui.res
mmi_rp_app_simspace.c	.\mmi\simspace\simspaceres\simspace.res
mmi_rp_app_sim_me_lock.c	.\mmi\miscframework\miscframeworkres\smlmenu.res
mmi_rp_app_sms.c	.\mmi\messages\messagesres\smsappres.res
mmi_rp_srv_sms.c	.\service\smssrv\smssrv.res
mmi_rp_app_soundrecorder.c	.\mtkapp\sndrec\sndrecres\sndrec.res
mmi_rp_srv_soundrec.c	.\service\soundrecsrv\res\soundrecsrv.res
mmi_rp_app_ss.c	.\mmi\supplementaryservice\ssres\ss.res
mmi_rp_app_sso.c	.\mmi\ssoapp\ssoappres\ssoapp.res
mmi_rp_cui_sso.c	.\cui\ssocui\ssocuires\ssocui.res
mmi_rp_srv_ss.c	.\service\sssrv\sssrv.res
mmi_rp_srv_status_icons.c	..\plutommi\framework\gui\gui_res\status_icon_bar.res
mmi_rp_srv_syncml.c	.\mtkapp\syncml\syncmlres\syncml.res
mmi_rp_app_syncml.c	.\mtkapp\syncml\syncmlres\syncmldevice.res
mmi_rp_app_todolist.c	.\mmi\organizer\organizerres\todolist.res
mmi_rp_srv_todolist.c	.\service\todosrv\res\todolistsrv.res
mmi_rp_cui_toneselector.c	.\cui\toneselectorcui\res\toneselectorcui.res
mmi_rp_app_tts_setting.c	.\mmi\setting\settingres\ttssetting.res
mmi_rp_app_ucm.c	.\mmi\ucm\ucmres\ucm.res
mmi_rp_core_ucm.c	.\appcore\ucm\res\ucmcore.res
mmi_rp_srv_ucm.c	.\service\ucmsrv\ucmsrvres\ucmsrv.res
mmi_rp_app_udx.c	.\mmi\udx\udxres\udx.res
mmi_rp_srv_unifiedmessage.c	.\service\umsrv\umsrvres\umsrv.res
mmi_rp_app_unifiedcomposer.c	.\mmi\unifiedcomposer\unifiedcomposerres\unifiedcomposer.res
mmi_rp_app_unifiedmessage.c	.\mmi\unifiedmessage\unifiedmessageres\unifiedmessage.res
mmi_rp_srv_wap_prof.c	.\service\uppsrv\uppsrvres\uppsrv.res
mmi_rp_app_usbmmi.c	.\mtkapp\connectivity\connectivityres\usb\usbmmi.res
mmi_rp_app_usbsrv.c	.\service\usbsrv\usbsrvres\usbsrv.res
mmi_rp_cui_use_detail.c	.\cui\usedetailcui\res\usedetailcui.res
mmi_rp_app_venus_homescreen.c	..\venusmmi\app\pluto_variation\shellapp\panel\homescreen\res\vapp_hs.res
mmi_rp_app_venus_homescreen_wg_audioplayer.c	..\venusmmi\app\pluto_variation\shellapp\panel\homescreen\res\vapp_hs_widget_audplayer.res
mmi_rp_app_venus_hs_wg_baidu.c	..\venusmmi\app\pluto_variation\shellapp\panel\homescreen\res\vapp_hs_widget_baidu.res
mmi_rp_app_venus_hs_wg_bkm.c	..\venusmmi\app\pluto_variation\shellapp\panel\homescreen\res\vapp_hs_widget_bookmark.res
mmi_rp_app_venus_homescreen_wg_calendar.c	..\venusmmi\app\pluto_variation\shellapp\panel\homescreen\res\vapp_hs_widget_calendar.res
mmi_rp_app_venus_homescreen_wg_clock.c	..\venusmmi\app\pluto_variation\shellapp\panel\homescreen\res\vapp_hs_widget_clock.res
mmi_rp_app_venus_homescreen_wg_date.c	..\venusmmi\app\pluto_variation\shellapp\panel\homescreen\res\vapp_hs_widget_date.res
mmi_rp_app_venus_homescreen_wg_event_inbox.c	..\venusmmi\app\pluto_variation\shellapp\panel\homescreen\res\vapp_hs_widget_event_inbox.res
mmi_rp_app_venus_homescreen_wg_fmradio.c	..\venusmmi\app\pluto_variation\shellapp\panel\homescreen\res\vapp_hs_widget_fmradio.res
mmi_rp_app_venus_homescreen_wg_memo.c	..\venusmmi\app\pluto_variation\shellapp\panel\homescreen\res\vapp_hs_widget_memo.res
mmi_rp_app_venus_homescreen_wg_mre.c	..\venusmmi\app\pluto_variation\shellapp\panel\homescreen\res\vapp_hs_widget_mre.res
mmi_rp_app_venus_homescreen_wg_next_alarm.c	..\venusmmi\app\pluto_variation\shellapp\panel\homescreen\res\vapp_hs_widget_next_alarm.res
mmi_rp_app_venus_homescreen_wg_wo_store.c	..\venusmmi\app\pluto_variation\shellapp\panel\homescreen\res\vapp_hs_widget_op02.res
mmi_rp_app_venus_homescreen_wg_mobile_internet.c	..\venusmmi\app\pluto_variation\shellapp\panel\homescreen\res\vapp_hs_widget_op02.res
mmi_rp_app_venus_homescreen_wg_operator_name.c	..\venusmmi\app\pluto_variation\shellapp\panel\homescreen\res\vapp_hs_widget_operator_name.res
mmi_rp_app_venus_homescreen_wg_pet.c	..\venusmmi\app\pluto_variation\shellapp\panel\homescreen\res\vapp_hs_widget_pet.res
mmi_rp_app_venus_homescreen_wg_photo.c	..\venusmmi\app\pluto_variation\shellapp\panel\homescreen\res\vapp_hs_widget_photo.res
mmi_rp_app_venus_homescreen_wg_profile.c	..\venusmmi\app\pluto_variation\shellapp\panel\homescreen\res\vapp_hs_widget_profile.res
mmi_rp_app_venus_homescreen_wg_snow.c	..\venusmmi\app\pluto_variation\shellapp\panel\homescreen\res\vapp_hs_widget_snow.res
mmi_rp_app_venus_hs_todo.c	..\venusmmi\app\pluto_variation\shellapp\panel\homescreen\res\vapp_hs_widget_todo.res
mmi_rp_app_venus_notepaper.c	..\venusmmi\app\pluto_variation\shellapp\panel\msgviewer\res\vapp_notepaper.res
mmi_rp_app_venus_shell_fc.c	..\venusmmi\app\pluto_variation\shellapp\panel\favoritecontacts\res\vapp_shell_fc.res
mmi_rp_app_venus_shell_mediaplayer.c	..\venusmmi\app\pluto_variation\shellapp\panel\mediaplayer\vapp_shell_mediaplayer.res
mmi_rp_app_venus_shell_msg_viewer.c	..\venusmmi\app\pluto_variation\shellapp\panel\msgviewer\res\vapp_shell_msg_viewer.res
mmi_rp_app_venus_shell_settings.c	..\venusmmi\app\pluto_variation\shellapp\panel\settings\vapp_shell_settings.res
mmi_rp_vapp_video_player_cp.c	..\venusmmi\app\common\cp\res\vapp_video_player_cp.res
mmi_rp_app_venus_wallpaper.c	..\venusmmi\app\common\wallpaper\res\vapp_wallpaper.res
mmi_rp_app_venus_wallpaper_total.c	..\venusmmi\app\common\wallpaper\res\vapp_wallpaper.res
mmi_rp_app_venus_wallpaper_chipset.c	..\venusmmi\app\common\wallpaper\res\vapp_wallpaper_chipset.res
mmi_rp_app_venus_wallpaper_comet.c	..\venusmmi\app\common\wallpaper\res\vapp_wallpaper_comet.res
mmi_rp_app_venus_wallpaper_firefly.c	..\venusmmi\app\common\wallpaper\res\vapp_wallpaper_firefly.res
mmi_rp_app_venus_wallpaper_matrix.c	..\venusmmi\app\common\wallpaper\res\vapp_wallpaper_matrix.res
mmi_rp_app_venus_wallpaper_space.c	..\venusmmi\app\common\wallpaper\res\vapp_wallpaper_space.res
mmi_rp_app_venus_wallpaper_spangle.c	..\venusmmi\app\common\wallpaper\res\vapp_wallpaper_spangle.res
mmi_rp_app_venus_wallpaper_wave.c	..\venusmmi\app\common\wallpaper\res\vapp_wallpaper_wave.res
mmi_rp_app_venus_wallpaper_wildworld.c	..\venusmmi\app\common\wallpaper\res\vapp_wallpaper_wildworld.res
mmi_rp_srv_vbookmark.c	.\mtkapp\vobjects\vobjectres\vbookmark.res
mmi_rp_srv_vcalendar.c	.\mtkapp\vobjects\vobjectres\vcalendar.res
mmi_rp_srv_vcard.c	.\mtkapp\vobjects\vobjectres\vcard.res
mmi_rp_srv_venus_component_normal_mode_menu.c	..\venusmmi\visual\cp\res\vcp_normal_mode_menu.res
mmi_rp_app_vdoply.c	.\mtkapp\video\videores\vdoply\vdoplyappres.res
mmi_rp_app_vdorec.c	.\mtkapp\video\videores\vdorecres.res
mmi_rp_srv_venus_theme.c	..\plutommi\mmi\resource\res\venustheme.res
mmi_rp_app_setting_version.c	.\mmi\setting\settingres\version.res
mmi_rp_app_viewsetting.c	.\mmi\setting\settingres\viewsetting.res
mmi_rp_srv_virtual_keyboard_misc.c	..\plutommi\framework\gui\gui_res\virtual_keyboard_misc.res
mmi_rp_srv_vobject.c	.\mtkapp\vobjects\vobjectres\vobjects.res
mmi_rp_srv_wallpaper.c	.\mmi\setting\settingres\wallpaper.res
mmi_rp_app_mmi_wap_prof.c	.\mmi\browserapp\uppapp\uppappres\wapprofile.res
mmi_rp_app_mmi_wap_push.c	.\mmi\browserapp\pushinbox\pushinboxres\wappush.res
mmi_rp_srv_push.c	.\service\wappushsrv\res\wappushsrv.res
mmi_rp_app_webcam.c	.\mtkapp\connectivity\connectivityres\webcam.res
mmi_rp_srv_wgtmgr.c	.\service\wgtmgrsrv\wgtmgrsrvres\wgtmgrsrv.res
mmi_rp_app_worldclock.c	.\mmi\organizer\organizerres\worldclock\worldclock.res
