EVENT ID	Type	File name
EVT_ID_SRV_ALM_OP	SENDER	mmi_rp_srv_alarm_def.h
EVT_ID_MMI_CLOG_ACT_START_APPLY	NONE	mmi_rp_app_calllog_def.h
EVT_ID_MMI_CLOG_ACT_APPLY_DONE	NONE	mmi_rp_app_calllog_def.h
EVT_ID_MMI_CLOG_LT_EXIST	NONE	mmi_rp_app_calllog_def.h
EVT_ID_MMI_CLOG_VR_EXIT	NONE	mmi_rp_app_calllog_def.h
EVT_ID_SRV_CLOG_READY	SENDER	mmi_rp_srv_calllog_def.h
EVT_ID_SRV_CLOG_ADD_LOG	SENDER	mmi_rp_srv_calllog_def.h
EVT_ID_SRV_CLOG_UPDATE_LOG	SENDER	mmi_rp_srv_calllog_def.h
EVT_ID_SRV_CLOG_UPDATE_ALL	SENDER	mmi_rp_srv_calllog_def.h
EVT_ID_SRV_CLOG_DEL_LOG	SENDER	mmi_rp_srv_calllog_def.h
EVT_ID_SRV_CLOG_DEL_ALL	SENDER	mmi_rp_srv_calllog_def.h
EVT_ID_SRV_CALLSET_ACT_RESPONSE	NONE	mmi_rp_srv_callset_def.h
EVT_ID_SRV_CALLSET_LINE_SWITCHED	SENDER	mmi_rp_srv_callset_def.h
EVT_ID_SRV_CALLSET_CFU_STATUS_IND	SENDER	mmi_rp_srv_callset_def.h
EVT_ID_SRV_CALLSET_CTM_SETTING_CHANGED	SENDER	mmi_rp_srv_callset_def.h
EVT_ID_SRV_CALLSET_INT_ACT	NONE	mmi_rp_srv_callset_def.h
EVT_ID_SRV_CBS_READY_IND	SENDER	mmi_rp_srv_cbs_def.h
EVT_ID_SRV_CBS_NEW_MSG_IND	SENDER	mmi_rp_srv_cbs_def.h
EVT_ID_SRV_CBS_GS_CHANGE_IND	SENDER	mmi_rp_srv_cbs_def.h
EVT_ID_SRV_CBS_ADD_MSG	SENDER	mmi_rp_srv_cbs_def.h
EVT_ID_SRV_CBS_DEL_MSG	SENDER	mmi_rp_srv_cbs_def.h
EVT_ID_SRV_CBS_ADD_CHNL	SENDER	mmi_rp_srv_cbs_def.h
EVT_ID_SRV_CBS_DEL_CHNL	SENDER	mmi_rp_srv_cbs_def.h
EVT_ID_SRV_CBS_UPDATE_CHNL	SENDER	mmi_rp_srv_cbs_def.h
EVT_ID_SRV_CBS_MODE_CHANGE	SENDER	mmi_rp_srv_cbs_def.h
EVT_ID_SRV_CBS_INIT_OP_IND	SENDER	mmi_rp_srv_cbs_def.h
EVT_ID_SRV_CNMGR_NOTIFY_NWINFO	SENDER	mmi_rp_srv_cnmgr_def.h
EVT_ID_SRV_DATETIME_CHANGE	SENDER	mmi_rp_srv_datetime_def.h
EVT_ID_SRV_DTCNT_WLAN_ACTIVE	SENDER	mmi_rp_srv_dtcnt_def.h
EVT_ID_SRV_DTCNT_WLAN_CONNECTED	SENDER	mmi_rp_srv_dtcnt_def.h
EVT_ID_SRV_DTCNT_WLAN_INACTIVE	SENDER	mmi_rp_srv_dtcnt_def.h
EVT_ID_SRV_DTCNT_WLAN_SCAN	SENDER	mmi_rp_srv_dtcnt_def.h
EVT_ID_SRV_DTCNT_WLAN_CONNECT	SENDER	mmi_rp_srv_dtcnt_def.h
EVT_ID_SRV_DTCNT_WLAN_BEARER_STATUS	SENDER	mmi_rp_srv_dtcnt_def.h
EVT_ID_SRV_DTCNT_WLAN_CONN_IND	SENDER	mmi_rp_srv_dtcnt_def.h
EVT_ID_SRV_DTCNT_WLAN_DISC_IND	SENDER	mmi_rp_srv_dtcnt_def.h
EVT_ID_SRV_DTCNT_WLAN_IPADDR_UPDATE	SENDER	mmi_rp_srv_dtcnt_def.h
EVT_ID_SRV_DTCNT_WLAN_IPADDR_CONFLICT_IND	SENDER	mmi_rp_srv_dtcnt_def.h
EVT_ID_SRV_DTCNT_WLAN_CURR_AP_INFO	SENDER	mmi_rp_srv_dtcnt_def.h
EVT_ID_SRV_DTCNT_WLAN_WPS_INFO	SENDER	mmi_rp_srv_dtcnt_def.h
EVT_ID_SRV_DTCNT_WLAN_CHANGE_BEARER_TO_WLAN	SENDER	mmi_rp_srv_dtcnt_def.h
EVT_ID_SRV_DTCNT_WLAN_CHANGE_BEARER_TO_CELLULAR_NETWORK	SENDER	mmi_rp_srv_dtcnt_def.h
EVT_ID_SRV_DTCNT_PROV_IND	SENDER	mmi_rp_srv_dtcnt_def.h
EVT_ID_SRV_DTCNT_PROV_INSTALL_RES_IND	SENDER	mmi_rp_srv_dtcnt_def.h
EVT_ID_SRV_DTCNT_PROV_DONE_IND	SENDER	mmi_rp_srv_dtcnt_def.h
EVT_ID_SRV_DTCNT_ACCT_UPDATE_IND	SENDER	mmi_rp_srv_dtcnt_def.h
EVT_ID_SRV_DTCNT_ACCT_DELETE_IND	SENDER	mmi_rp_srv_dtcnt_def.h
EVT_ID_SRV_DTCNT_SIM_PREFERENCE_UPDATE_IND	SENDER	mmi_rp_srv_dtcnt_def.h
EVT_ID_SRV_DTCNT_CHANGE_REAL_ACCT_IND	SENDER	mmi_rp_srv_dtcnt_def.h
EVT_ID_SRV_DTCNT_WLAN_INIT_RES_IND	SENDER	mmi_rp_srv_dtcnt_def.h
EVT_ID_SRV_DTCNT_WLAN_DEINIT_RES_IND	SENDER	mmi_rp_srv_dtcnt_def.h
EVT_ID_SRV_DTCNT_WLAN_CONN_RES_IND	SENDER	mmi_rp_srv_dtcnt_def.h
EVT_ID_SRV_DTCNT_WLAN_DISC_RES_IND	SENDER	mmi_rp_srv_dtcnt_def.h
EVT_ID_SRV_DTCNT_WLAN_SCAN_RES_IND	SENDER	mmi_rp_srv_dtcnt_def.h
EVT_ID_SRV_DTCNT_WLAN_IPADDR_CHANGE_QRY	SENDER	mmi_rp_srv_dtcnt_def.h
EVT_ID_SRV_DTCNT_WIFI_CHIP_INVALID	SENDER	mmi_rp_srv_dtcnt_def.h
EVT_ID_SRV_DTCNT_WLAN_SEARCH_AP_OPEN_IND	SENDER	mmi_rp_srv_dtcnt_def.h
EVT_ID_SRV_DTCNT_WLAN_SEARCH_AP_CLOSE_IND	SENDER	mmi_rp_srv_dtcnt_def.h
EVT_ID_SRV_DTCNT_BEARER_INIT_WLAN_AP_QUERY_IND	SENDER	mmi_rp_srv_dtcnt_def.h
EVT_ID_SRV_DTCNT_BEARER_DEINIT_WLAN_AP_QUERY_IND	SENDER	mmi_rp_srv_dtcnt_def.h
EVT_ID_SRV_DTCNT_WLAN_AP_LIST_QUERY_IND	SENDER	mmi_rp_srv_dtcnt_def.h
EVT_ID_SRV_DTCNT_WLAN_LOGOUT_IND	SENDER	mmi_rp_srv_dtcnt_def.h
EVT_ID_SRV_DTCNT_WLAN_IPADDR_CHANGE_CNF	SENDER	mmi_rp_srv_dtcnt_def.h
EVT_ID_SRV_DTCNT_WLAN_SWITCH_SAME_SSID_IND	SENDER	mmi_rp_srv_dtcnt_def.h
EVT_ID_SRV_DTCNT_NET_STATUS_IND	SENDER	mmi_rp_srv_dtcnt_def.h
EVT_ID_SRV_DTCNT_WLAN_CONN_PROF	SENDER	mmi_rp_srv_dtcnt_def.h
EVT_ID_SRV_DTCNT_WLAN_SLEEP	SENDER	mmi_rp_srv_dtcnt_def.h
EVT_ID_SRV_EONS_UPDATED	SENDER	mmi_rp_srv_eons_def.h
EVT_ID_SRV_GCALL_ACT	SENDER	mmi_rp_srv_gcall_def.h
EVT_ID_SRV_GCALL_CNF	SENDER	mmi_rp_srv_gcall_def.h
EVT_ID_GUI_INPUTS_CURSOR_CHANGED	SENDER	mmi_rp_app_uiframework_def.h
EVT_ID_IME_CURSOR_UPDATED	SENDER	mmi_rp_app_uiframework_def.h
EVT_ID_IME_INVOKE_SPELL_WORD_SCREEN	SENDER	mmi_rp_app_uiframework_def.h
EVT_ID_IME_ENTRY_INPUT_METHOD_SCREEN	SENDER	mmi_rp_app_uiframework_def.h
EVT_ID_INLINE_IMAGETEXT_PEN_UP	SENDER	mmi_rp_app_uiframework_def.h
EVT_ID_IDLE_GROUP_ENTER	SENDER	mmi_rp_app_idle_def.h
EVT_ID_IDLE_GROUP_EXIT	SENDER	mmi_rp_app_idle_def.h
EVT_ID_IDLE_ENTER	SENDER	mmi_rp_app_idle_def.h
EVT_ID_IDLE_EXIT	SENDER	mmi_rp_app_idle_def.h
EVT_ID_IDLE_LAUNCHED	SENDER	mmi_rp_app_idle_def.h
EVT_ID_IDLE_BEFORE_GROUP_ENTER	SENDER	mmi_rp_app_idle_def.h
EVT_ID_IDLE_BEFORE_GROUP_EXIT	SENDER	mmi_rp_app_idle_def.h
EVT_ID_IDLE_MAIN_NOTIFY_REQ	NONE	mmi_rp_app_idle_def.h
EVT_ID_IDLE_MAIN_UPDATE_REQ	NONE	mmi_rp_app_idle_def.h
EVT_ID_MDI_AUDIO_SPEECH_STATUS_IND	SENDER	mmi_rp_srv_mdi_def.h
EVT_ID_MDI_AUDIO_PRE_MODE_SWITCH	SENDER	mmi_rp_srv_mdi_def.h
EVT_ID_MDI_AUDIO_MODE_SWITCHED	SENDER	mmi_rp_srv_mdi_def.h
EVT_ID_SRV_MMS_UPDATE_STATUS	SENDER	mmi_rp_srv_mms_def.h
EVT_ID_SHOW_HIDE_ICON	SENDER	mmi_rp_srv_mms_def.h
EVT_ID_SRV_MMS_READY	SENDER	mmi_rp_srv_mms_def.h
EVT_ID_MMA_INSUF_MEM	SENDER	mmi_rp_srv_mms_def.h
EVT_ID_SRV_MMS_DEINIT	SENDER	mmi_rp_srv_mms_def.h
EVT_ID_JSR_DELETE_MMS	SENDER	mmi_rp_srv_mms_def.h
EVT_ID_SRV_ASM_SUCCESS	SENDER	mmi_rp_srv_mms_def.h
EVT_ID_SRV_ASM_STOP	SENDER	mmi_rp_srv_mms_def.h
EVT_ID_SRV_ASM_CANCEL	SENDER	mmi_rp_srv_mms_def.h
EVT_ID_SRV_CHK_CARD_PLUG_OUT	SENDER	mmi_rp_srv_mms_def.h
EVT_ID_SRV_CHANGE_STORAGE	SENDER	mmi_rp_srv_mms_def.h
EVT_ID_SRV_SET_SETTING	SENDER	mmi_rp_srv_mms_def.h
EVT_ID_SRV_APP_ERROR	SENDER	mmi_rp_srv_mms_def.h
EVT_ID_SRV_SAVE_OBJECTS_ERROR	SENDER	mmi_rp_srv_mms_def.h
EVT_ID_SRV_TEMPLATE_ERROR	SENDER	mmi_rp_srv_mms_def.h
EVT_ID_SRV_SHOW_STATUS	SENDER	mmi_rp_srv_mms_def.h
EVT_ID_SRV_SAVE_RSP_FROM_UC	SENDER	mmi_rp_srv_mms_def.h
EVT_ID_SRV_BOOTUP_INIT	SENDER	mmi_rp_srv_mms_def.h
EVT_ID_SRV_INVALID_POPUP	SENDER	mmi_rp_srv_mms_def.h
EVT_ID_SRV_EXIT_VIEWER_APP	SENDER	mmi_rp_srv_mms_def.h
EVT_ID_SRV_CURR_MSG_UPDATE	SENDER	mmi_rp_srv_mms_def.h
EVT_ID_SRV_SHOW_BGSR_POPUP	SENDER	mmi_rp_srv_mms_def.h
EVT_ID_SRV_CURR_MSG_SELECT	SENDER	mmi_rp_srv_mms_def.h
EVT_ID_SRV_WAP_READY	SENDER	mmi_rp_srv_mms_def.h
EVT_ID_SRV_STORAGE_FULL_IND	SENDER	mmi_rp_srv_mms_def.h
EVT_ID_SRV_UPDATE_MEM_STATUS	SENDER	mmi_rp_srv_mms_def.h
EVT_ID_SRV_HDL_CARD_PLUG_OUT	SENDER	mmi_rp_srv_mms_def.h
EVT_ID_SRV_BGSR_RESULT	SENDER	mmi_rp_srv_mms_def.h
EVT_ID_SRV_SAVE_OBJECT_COPY_RESULT_HDL	SENDER	mmi_rp_srv_mms_def.h
EVT_ID_SRV_CHECK_AND_DELETE_PROGRESS	SENDER	mmi_rp_srv_mms_def.h
EVT_ID_SRV_NEW_MMS_MSG	SENDER	mmi_rp_srv_mms_def.h
EVT_ID_UMMS_DEINIT_FROM_HISTORY	SENDER	mmi_rp_srv_mms_def.h
EVT_ID_SRV_PROCESSING_TEMPLATE	SENDER	mmi_rp_srv_mms_def.h
EVT_ID_SRV_MMS_MMA_TERMINATE	SENDER	mmi_rp_srv_mms_def.h
EVT_ID_SRV_MMS_SEND_REFRESH	SENDER	mmi_rp_srv_mms_def.h
EVT_ID_SRV_MMS_SEND_URI_IND	SENDER	mmi_rp_srv_mms_def.h
EVT_ID_SRV_MMS_MEM_FULL	SENDER	mmi_rp_srv_mms_def.h
EVT_ID_SRV_MMS_GET_CURR_MSG_BOX	SENDER	mmi_rp_srv_mms_def.h
EVT_ID_SRV_MMS_NMGR_ALERT	SENDER	mmi_rp_srv_mms_def.h
EVT_ID_SRV_MMS_IN_USE_MSG_ID	SENDER	mmi_rp_srv_mms_def.h
EVT_ID_SRV_MMS_READY_FOR_LITE_VIEWER	SENDER	mmi_rp_srv_mms_def.h
EVT_ID_SRV_MMS_TEMPLATE_GEN_RESULT	SENDER	mmi_rp_srv_mms_def.h
EVT_ID_SRV_MMS_SERVICE_MEM_FREE_DONE	SENDER	mmi_rp_srv_mms_def.h
EVT_ID_SRV_NW_NAME_CHANGED	SENDER	mmi_rp_srv_nw_name_def.h
EVT_ID_SRV_NW_NAME_SIM_CHANGED_BY_SAT	SENDER	mmi_rp_srv_nw_name_def.h
EVT_ID_SRV_PROF_PROFILE_SWITCHED	SENDER	mmi_rp_srv_prof_def.h
EVT_ID_SRV_PROF_IS_PLAYING	SENDER	mmi_rp_srv_prof_def.h
EVT_ID_SRV_PROF_VOL_CHANGED	SENDER	mmi_rp_srv_prof_def.h
EVT_ID_SRV_REMINDER_BOOTUP_START	SENDER	mmi_rp_srv_reminder_def.h
EVT_ID_SRV_REMINDER_BOOTUP_INIT	SENDER	mmi_rp_srv_reminder_def.h
EVT_ID_SRV_REMINDER_BOOTUP_COMPLETE	SENDER	mmi_rp_srv_reminder_def.h
EVT_ID_SRV_REMINDER_NOTIFY	SENDER	mmi_rp_srv_reminder_def.h
EVT_ID_SRV_REMINDER_PWRRESET_REQ	SENDER	mmi_rp_srv_reminder_def.h
EVT_ID_SRV_SAFE_MODE_ACTIVE	SENDER	mmi_rp_srv_safe_mode_def.h
EVT_ID_SCR_LOCKER_LOCKED	SENDER	mmi_rp_app_scr_locker_def.h
EVT_ID_SCR_LOCKER_UNLOCKED	SENDER	mmi_rp_app_scr_locker_def.h
EVT_ID_SLK_OBJ_CLOSE_REQ	NONE	mmi_rp_app_scr_locker_def.h
EVT_ID_SLK_OBJ_CLOSED_IND	NONE	mmi_rp_app_scr_locker_def.h
EVT_ID_SRV_SMS_BEGIN	NONE	mmi_rp_srv_sms_def.h
EVT_ID_SRV_SMS_READY	SENDER	mmi_rp_srv_sms_def.h
EVT_ID_SRV_SMS_NEW_MSG	SENDER	mmi_rp_srv_sms_def.h
EVT_ID_SRV_SMS_NEW_MSG_WAITING	SENDER	mmi_rp_srv_sms_def.h
EVT_ID_SRV_SMS_STATUS_REPORT	SENDER	mmi_rp_srv_sms_def.h
EVT_ID_SRV_SMS_SIM_REFRESH	SENDER	mmi_rp_srv_sms_def.h
EVT_ID_SRV_SMS_AT_CMD_IND	SENDER	mmi_rp_srv_sms_def.h
EVT_ID_SRV_SMS_MEM_EXCEED	SENDER	mmi_rp_srv_sms_def.h
EVT_ID_SRV_SMS_MEM_FULL	SENDER	mmi_rp_srv_sms_def.h
EVT_ID_SRV_SMS_MEM_AVAILABLE	SENDER	mmi_rp_srv_sms_def.h
EVT_ID_SRV_SMS_ADD_MSG	SENDER	mmi_rp_srv_sms_def.h
EVT_ID_SRV_SMS_DEL_MSG	SENDER	mmi_rp_srv_sms_def.h
EVT_ID_SRV_SMS_UPDATE_MSG	SENDER	mmi_rp_srv_sms_def.h
EVT_ID_SRV_SMS_UPDATE_SENDING_ICON	SENDER	mmi_rp_srv_sms_def.h
EVT_ID_SRV_SMS_UPDATE_UNSENT_MSG_STATUS	SENDER	mmi_rp_srv_sms_def.h
EVT_ID_SRV_SMS_API_SEND_MSG	SENDER	mmi_rp_srv_sms_def.h
EVT_ID_SRV_SMS_UPDATE_COUNTER	SENDER	mmi_rp_srv_sms_def.h
EVT_ID_SRV_SMS_REFRESH_MSG	SENDER	mmi_rp_srv_sms_def.h
EVT_ID_SRV_SMS_CLEAR_FOLDER	SENDER	mmi_rp_srv_sms_def.h
EVT_ID_SRV_SMS_HIDE_LIST	SENDER	mmi_rp_srv_sms_def.h
EVT_ID_SRV_SMS_ADD_REPORT	SENDER	mmi_rp_srv_sms_def.h
EVT_ID_SRV_SMS_DEL_REPORT	SENDER	mmi_rp_srv_sms_def.h
EVT_ID_SRV_SMS_UPDATE_REPORT	SENDER	mmi_rp_srv_sms_def.h
EVT_ID_SRV_SMS_PS_NORMAL_IND	SENDER	mmi_rp_srv_sms_def.h
EVT_ID_SRV_SMS_PS_STORAGE_IND	SENDER	mmi_rp_srv_sms_def.h
EVT_ID_SRV_SMS_PS_RECEIVER_IND	SENDER	mmi_rp_srv_sms_def.h
EVT_ID_SRV_SMS_PS_AT_IND	SENDER	mmi_rp_srv_sms_def.h
EVT_ID_SRV_SMS_PS_CB_MSG_IND	SENDER	mmi_rp_srv_sms_def.h
EVT_ID_SRV_SMS_PS_CB_GS_CHANGE_IND	SENDER	mmi_rp_srv_sms_def.h
EVT_ID_SRV_SMS_ASYNC_CALLBACK	SENDER	mmi_rp_srv_sms_def.h
EVT_ID_SRV_SMS_STARTUP_READ_ME_SMS	SENDER	mmi_rp_srv_sms_def.h
EVT_ID_SRV_SS_INDICATION	SENDER	mmi_rp_srv_ss_def.h
EVT_ID_SRV_SS_ACT_RESPONSE	NONE	mmi_rp_srv_ss_def.h
EVT_ID_SRV_SS_ACT_NOTIFY	SENDER	mmi_rp_srv_ss_def.h
EVT_ID_SRV_SS_INT_ACT	NONE	mmi_rp_srv_ss_def.h
EVT_ID_MMI_UM_REFRESH	SENDER	mmi_rp_app_unifiedmessage_def.h
EVT_ID_MMI_UM_ENTRY_MAIN_MSG	SENDER	mmi_rp_app_unifiedmessage_def.h
EVT_ID_MMI_UM_ENTRY_FOLDER	SENDER	mmi_rp_app_unifiedmessage_def.h
EVT_ID_USB_PERMIT_CFG	SENDER	mmi_rp_app_usbsrv_def.h
EVT_ID_USB_PERMIT_CFG_PRE_CHECK	SENDER	mmi_rp_app_usbsrv_def.h
EVT_ID_USB_ENTER_MS_MODE	SENDER	mmi_rp_app_usbsrv_def.h
EVT_ID_USB_EXIT_MS_MODE	SENDER	mmi_rp_app_usbsrv_def.h
EVT_ID_USB_PLUG_IN	SENDER	mmi_rp_app_usbsrv_def.h
EVT_ID_USB_CONFIG_RSP	SENDER	mmi_rp_app_usbsrv_def.h
EVT_ID_USB_MMI_NOTIFY	SENDER	mmi_rp_app_usbsrv_def.h
EVT_ID_USB_PLUG_OUT	SENDER	mmi_rp_app_usbsrv_def.h
EVT_ID_USB_PRE_EXIT_MODE	SENDER	mmi_rp_app_usbsrv_def.h
EVT_ID_USB_ALM_STATE	SENDER	mmi_rp_app_usbsrv_def.h
